INFO:__main__:Starting weather fetch and store...
INFO:__main__:Fetching weather data for Chennai...
INFO:__main__:Inserted 1 weather reading for Chennai
INFO:__main__:Fetching weather data for Delhi...
INFO:__main__:Inserted 1 weather reading for Delhi
INFO:__main__:Fetching weather data for Bengaluru...
INFO:__main__:Inserted 1 weather reading for Bengaluru
INFO:__main__:Weather fetch complete.
Chennai: 1 readings inserted
Delhi: 1 readings inserted
Bengaluru: 1 readings inserted
INFO:__main__:Starting weather fetch and store...
INFO:__main__:Fetching weather data for Chennai...
INFO:__main__:Inserted 1 weather reading for Chennai
INFO:__main__:Fetching weather data for Delhi...
INFO:__main__:Inserted 1 weather reading for Delhi
INFO:__main__:Fetching weather data for Bengaluru...
INFO:__main__:Inserted 1 weather reading for Bengaluru
INFO:__main__:Weather fetch complete.
Chennai: 1 readings inserted
Delhi: 1 readings inserted
Bengaluru: 1 readings inserted
INFO:__main__:Starting weather fetch and store...
INFO:__main__:Fetching weather data for Chennai...
INFO:__main__:Inserted 1 weather reading for Chennai
INFO:__main__:Fetching weather data for Delhi...
INFO:__main__:Inserted 1 weather reading for Delhi
INFO:__main__:Fetching weather data for Bengaluru...
INFO:__main__:Inserted 1 weather reading for Bengaluru
INFO:__main__:Weather fetch complete.
Chennai: 1 readings inserted
Delhi: 1 readings inserted
Bengaluru: 1 readings inserted
INFO:__main__:Starting weather fetch and store...
INFO:__main__:Fetching weather data for Chennai...
INFO:__main__:Inserted 1 weather reading for Chennai
INFO:__main__:Fetching weather data for Delhi...
INFO:__main__:Inserted 1 weather reading for Delhi
INFO:__main__:Fetching weather data for Bengaluru...
INFO:__main__:Inserted 1 weather reading for Bengaluru
INFO:__main__:Weather fetch complete.
Chennai: 1 readings inserted
Delhi: 1 readings inserted
Bengaluru: 1 readings inserted
INFO:__main__:Starting weather fetch and store...
INFO:__main__:Fetching weather data for Chennai...
INFO:__main__:Inserted 1 weather reading for Chennai
INFO:__main__:Fetching weather data for Delhi...
INFO:__main__:Inserted 1 weather reading for Delhi
INFO:__main__:Fetching weather data for Bengaluru...
INFO:__main__:Inserted 1 weather reading for Bengaluru
INFO:__main__:Weather fetch complete.
Chennai: 1 readings inserted
Delhi: 1 readings inserted
Bengaluru: 1 readings inserted
INFO:__main__:Starting weather fetch and store...
INFO:__main__:Fetching weather data for Chennai...
INFO:__main__:Inserted 1 weather reading for Chennai
INFO:__main__:Fetching weather data for Delhi...
INFO:__main__:Inserted 1 weather reading for Delhi
INFO:__main__:Fetching weather data for Bengaluru...
INFO:__main__:Inserted 1 weather reading for Bengaluru
INFO:__main__:Weather fetch complete.
Chennai: 1 readings inserted
Delhi: 1 readings inserted
Bengaluru: 1 readings inserted
INFO:__main__:Starting weather fetch and store...
INFO:__main__:Fetching weather data for Chennai...
INFO:__main__:Inserted 1 weather reading for Chennai
INFO:__main__:Fetching weather data for Delhi...
INFO:__main__:Inserted 1 weather reading for Delhi
INFO:__main__:Fetching weather data for Bengaluru...
INFO:__main__:Inserted 1 weather reading for Bengaluru
INFO:__main__:Weather fetch complete.
Chennai: 1 readings inserted
Delhi: 1 readings inserted
Bengaluru: 1 readings inserted
INFO:__main__:Starting weather fetch and store...
INFO:__main__:Fetching weather data for Chennai...
INFO:__main__:Inserted 1 weather reading for Chennai
INFO:__main__:Fetching weather data for Delhi...
INFO:__main__:Inserted 1 weather reading for Delhi
INFO:__main__:Fetching weather data for Bengaluru...
INFO:__main__:Inserted 1 weather reading for Bengaluru
INFO:__main__:Weather fetch complete.
Chennai: 1 readings inserted
Delhi: 1 readings inserted
Bengaluru: 1 readings inserted
INFO:__main__:Starting weather fetch and store...
INFO:__main__:Fetching weather data for Chennai...
INFO:__main__:Inserted 1 weather reading for Chennai
INFO:__main__:Fetching weather data for Delhi...
INFO:__main__:Inserted 1 weather reading for Delhi
INFO:__main__:Fetching weather data for Bengaluru...
INFO:__main__:Inserted 1 weather reading for Bengaluru
INFO:__main__:Weather fetch complete.
Chennai: 1 readings inserted
Delhi: 1 readings inserted
Bengaluru: 1 readings inserted
INFO:__main__:Starting weather fetch and store...
INFO:__main__:Fetching weather data for Chennai...
INFO:__main__:Inserted 1 weather reading for Chennai
INFO:__main__:Fetching weather data for Delhi...
INFO:__main__:Inserted 1 weather reading for Delhi
INFO:__main__:Fetching weather data for Bengaluru...
INFO:__main__:Inserted 1 weather reading for Bengaluru
INFO:__main__:Weather fetch complete.
Chennai: 1 readings inserted
Delhi: 1 readings inserted
Bengaluru: 1 readings inserted
INFO:__main__:Starting weather fetch and store...
INFO:__main__:Fetching weather data for Chennai...
INFO:__main__:Inserted 1 weather reading for Chennai
INFO:__main__:Fetching weather data for Delhi...
INFO:__main__:Inserted 1 weather reading for Delhi
INFO:__main__:Fetching weather data for Bengaluru...
INFO:__main__:Inserted 1 weather reading for Bengaluru
INFO:__main__:Weather fetch complete.
Chennai: 1 readings inserted
Delhi: 1 readings inserted
Bengaluru: 1 readings inserted
INFO:__main__:Starting weather fetch and store...
INFO:__main__:Fetching weather data for Chennai...
INFO:__main__:Inserted 1 weather reading for Chennai
INFO:__main__:Fetching weather data for Delhi...
INFO:__main__:Inserted 1 weather reading for Delhi
INFO:__main__:Fetching weather data for Bengaluru...
INFO:__main__:Inserted 1 weather reading for Bengaluru
INFO:__main__:Weather fetch complete.
Chennai: 1 readings inserted
Delhi: 1 readings inserted
Bengaluru: 1 readings inserted
INFO:__main__:Starting weather fetch and store...
INFO:__main__:Fetching weather data for Chennai...
INFO:__main__:Inserted 1 weather reading for Chennai
INFO:__main__:Fetching weather data for Delhi...
INFO:__main__:Inserted 1 weather reading for Delhi
INFO:__main__:Fetching weather data for Bengaluru...
INFO:__main__:Inserted 1 weather reading for Bengaluru
INFO:__main__:Weather fetch complete.
Chennai: 1 readings inserted
Delhi: 1 readings inserted
Bengaluru: 1 readings inserted
INFO:__main__:Starting weather fetch and store...
INFO:__main__:Fetching weather data for Chennai...
INFO:__main__:Inserted 1 weather reading for Chennai
INFO:__main__:Fetching weather data for Delhi...
INFO:__main__:Inserted 1 weather reading for Delhi
INFO:__main__:Fetching weather data for Bengaluru...
INFO:__main__:Inserted 1 weather reading for Bengaluru
INFO:__main__:Weather fetch complete.
Chennai: 1 readings inserted
Delhi: 1 readings inserted
Bengaluru: 1 readings inserted
INFO:__main__:Starting weather fetch and store...
INFO:__main__:Fetching weather data for Chennai...
INFO:__main__:Inserted 1 weather reading for Chennai
INFO:__main__:Fetching weather data for Delhi...
INFO:__main__:Inserted 1 weather reading for Delhi
INFO:__main__:Fetching weather data for Bengaluru...
INFO:__main__:Inserted 1 weather reading for Bengaluru
INFO:__main__:Weather fetch complete.
Chennai: 1 readings inserted
Delhi: 1 readings inserted
Bengaluru: 1 readings inserted
INFO:__main__:Starting weather fetch and store...
INFO:__main__:Fetching weather data for Chennai...
INFO:__main__:Inserted 1 weather reading for Chennai
INFO:__main__:Fetching weather data for Delhi...
INFO:__main__:Inserted 1 weather reading for Delhi
INFO:__main__:Fetching weather data for Bengaluru...
INFO:__main__:Inserted 1 weather reading for Bengaluru
INFO:__main__:Weather fetch complete.
Chennai: 1 readings inserted
Delhi: 1 readings inserted
Bengaluru: 1 readings inserted
INFO:__main__:Starting weather fetch and store...
INFO:__main__:Fetching weather data for Chennai...
INFO:__main__:Inserted 1 weather reading for Chennai
INFO:__main__:Fetching weather data for Delhi...
INFO:__main__:Inserted 1 weather reading for Delhi
INFO:__main__:Fetching weather data for Bengaluru...
INFO:__main__:Inserted 1 weather reading for Bengaluru
INFO:__main__:Weather fetch complete.
Chennai: 1 readings inserted
Delhi: 1 readings inserted
Bengaluru: 1 readings inserted
INFO:__main__:Starting weather fetch and store...
INFO:__main__:Fetching weather data for Chennai...
INFO:__main__:Inserted 1 weather reading for Chennai
INFO:__main__:Fetching weather data for Delhi...
INFO:__main__:Inserted 1 weather reading for Delhi
INFO:__main__:Fetching weather data for Bengaluru...
INFO:__main__:Inserted 1 weather reading for Bengaluru
INFO:__main__:Weather fetch complete.
Chennai: 1 readings inserted
Delhi: 1 readings inserted
Bengaluru: 1 readings inserted
INFO:__main__:Starting weather fetch and store...
INFO:__main__:Fetching weather data for Chennai...
INFO:__main__:Inserted 1 weather reading for Chennai
INFO:__main__:Fetching weather data for Delhi...
INFO:__main__:Inserted 1 weather reading for Delhi
INFO:__main__:Fetching weather data for Bengaluru...
INFO:__main__:Inserted 1 weather reading for Bengaluru
INFO:__main__:Weather fetch complete.
Chennai: 1 readings inserted
Delhi: 1 readings inserted
Bengaluru: 1 readings inserted
INFO:__main__:Starting weather fetch and store...
INFO:__main__:Fetching weather data for Chennai...
INFO:__main__:Inserted 1 weather reading for Chennai
INFO:__main__:Fetching weather data for Delhi...
INFO:__main__:Inserted 1 weather reading for Delhi
INFO:__main__:Fetching weather data for Bengaluru...
INFO:__main__:Inserted 1 weather reading for Bengaluru
INFO:__main__:Weather fetch complete.
Chennai: 1 readings inserted
Delhi: 1 readings inserted
Bengaluru: 1 readings inserted
INFO:__main__:Starting weather fetch and store...
INFO:__main__:Fetching weather data for Chennai...
INFO:__main__:Inserted 1 weather reading for Chennai
INFO:__main__:Fetching weather data for Delhi...
INFO:__main__:Inserted 1 weather reading for Delhi
INFO:__main__:Fetching weather data for Bengaluru...
INFO:__main__:Inserted 1 weather reading for Bengaluru
INFO:__main__:Weather fetch complete.
Chennai: 1 readings inserted
Delhi: 1 readings inserted
Bengaluru: 1 readings inserted
INFO:__main__:Starting weather fetch and store...
INFO:__main__:Fetching weather data for Chennai...
INFO:__main__:Inserted 1 weather reading for Chennai
INFO:__main__:Fetching weather data for Delhi...
INFO:__main__:Inserted 1 weather reading for Delhi
INFO:__main__:Fetching weather data for Bengaluru...
INFO:__main__:Inserted 1 weather reading for Bengaluru
INFO:__main__:Weather fetch complete.
Chennai: 1 readings inserted
Delhi: 1 readings inserted
Bengaluru: 1 readings inserted
INFO:__main__:Starting weather fetch and store...
INFO:__main__:Fetching weather data for Chennai...
INFO:__main__:Inserted 1 weather reading for Chennai
INFO:__main__:Fetching weather data for Delhi...
INFO:__main__:Inserted 1 weather reading for Delhi
INFO:__main__:Fetching weather data for Bengaluru...
INFO:__main__:Inserted 1 weather reading for Bengaluru
INFO:__main__:Weather fetch complete.
Chennai: 1 readings inserted
Delhi: 1 readings inserted
Bengaluru: 1 readings inserted
INFO:__main__:Starting weather fetch and store...
INFO:__main__:Fetching weather data for Chennai...
INFO:__main__:Inserted 1 weather reading for Chennai
INFO:__main__:Fetching weather data for Delhi...
INFO:__main__:Inserted 1 weather reading for Delhi
INFO:__main__:Fetching weather data for Bengaluru...
INFO:__main__:Inserted 1 weather reading for Bengaluru
INFO:__main__:Weather fetch complete.
Chennai: 1 readings inserted
Delhi: 1 readings inserted
Bengaluru: 1 readings inserted
INFO:__main__:Starting weather fetch and store...
INFO:__main__:Fetching weather data for Chennai...
INFO:__main__:Inserted 1 weather reading for Chennai
INFO:__main__:Fetching weather data for Delhi...
INFO:__main__:Inserted 1 weather reading for Delhi
INFO:__main__:Fetching weather data for Bengaluru...
INFO:__main__:Inserted 1 weather reading for Bengaluru
INFO:__main__:Weather fetch complete.
Chennai: 1 readings inserted
Delhi: 1 readings inserted
Bengaluru: 1 readings inserted
INFO:__main__:Starting weather fetch and store...
INFO:__main__:Fetching weather data for Chennai...
INFO:__main__:Inserted 1 weather reading for Chennai
INFO:__main__:Fetching weather data for Delhi...
INFO:__main__:Inserted 1 weather reading for Delhi
INFO:__main__:Fetching weather data for Bengaluru...
INFO:__main__:Inserted 1 weather reading for Bengaluru
INFO:__main__:Weather fetch complete.
Chennai: 1 readings inserted
Delhi: 1 readings inserted
Bengaluru: 1 readings inserted
INFO:__main__:Starting weather fetch and store...
INFO:__main__:Fetching weather data for Chennai...
INFO:__main__:Inserted 1 weather reading for Chennai
INFO:__main__:Fetching weather data for Delhi...
INFO:__main__:Inserted 1 weather reading for Delhi
INFO:__main__:Fetching weather data for Bengaluru...
INFO:__main__:Inserted 1 weather reading for Bengaluru
INFO:__main__:Weather fetch complete.
Chennai: 1 readings inserted
Delhi: 1 readings inserted
Bengaluru: 1 readings inserted
INFO:__main__:Starting weather fetch and store...
INFO:__main__:Fetching weather data for Chennai...
INFO:__main__:Inserted 1 weather reading for Chennai
INFO:__main__:Fetching weather data for Delhi...
INFO:__main__:Inserted 1 weather reading for Delhi
INFO:__main__:Fetching weather data for Bengaluru...
INFO:__main__:Inserted 1 weather reading for Bengaluru
INFO:__main__:Weather fetch complete.
Chennai: 1 readings inserted
Delhi: 1 readings inserted
Bengaluru: 1 readings inserted
INFO:__main__:Starting weather fetch and store...
INFO:__main__:Fetching weather data for Chennai...
INFO:__main__:Inserted 1 weather reading for Chennai
INFO:__main__:Fetching weather data for Delhi...
INFO:__main__:Inserted 1 weather reading for Delhi
INFO:__main__:Fetching weather data for Bengaluru...
INFO:__main__:Inserted 1 weather reading for Bengaluru
INFO:__main__:Weather fetch complete.
Chennai: 1 readings inserted
Delhi: 1 readings inserted
Bengaluru: 1 readings inserted
INFO:__main__:Starting weather fetch and store...
INFO:__main__:Fetching weather data for Chennai...
WARNING:__main__:Weather request failed for Chennai: HTTPSConnectionPool(host='api.openweathermap.org', port=443): Max retries exceeded with url: /data/2.5/weather?lat=13.0827&lon=80.2707&appid=25327aed67cf246348bf62f65e5a4968&units=metric (Caused by ConnectTimeoutError(<HTTPSConnection(host='api.openweathermap.org', port=443) at 0x717725a7d190>, 'Connection to api.openweathermap.org timed out. (connect timeout=10)'))
INFO:__main__:Fetching weather data for Delhi...
INFO:__main__:Inserted 1 weather reading for Delhi
INFO:__main__:Fetching weather data for Bengaluru...
INFO:__main__:Inserted 1 weather reading for Bengaluru
INFO:__main__:Weather fetch complete.
Chennai: 0 readings inserted
Delhi: 1 readings inserted
Bengaluru: 1 readings inserted
INFO:__main__:Starting weather fetch and store...
INFO:__main__:Fetching weather data for Chennai...
INFO:__main__:Inserted 1 weather reading for Chennai
INFO:__main__:Fetching weather data for Delhi...
INFO:__main__:Inserted 1 weather reading for Delhi
INFO:__main__:Fetching weather data for Bengaluru...
INFO:__main__:Inserted 1 weather reading for Bengaluru
INFO:__main__:Weather fetch complete.
Chennai: 1 readings inserted
Delhi: 1 readings inserted
Bengaluru: 1 readings inserted
INFO:__main__:Starting weather fetch and store...
INFO:__main__:Fetching weather data for Chennai...
INFO:__main__:Inserted 1 weather reading for Chennai
INFO:__main__:Fetching weather data for Delhi...
INFO:__main__:Inserted 1 weather reading for Delhi
INFO:__main__:Fetching weather data for Bengaluru...
INFO:__main__:Inserted 1 weather reading for Bengaluru
INFO:__main__:Weather fetch complete.
Chennai: 1 readings inserted
Delhi: 1 readings inserted
Bengaluru: 1 readings inserted
INFO:__main__:Starting weather fetch and store...
INFO:__main__:Fetching weather data for Chennai...
INFO:__main__:Inserted 1 weather reading for Chennai
INFO:__main__:Fetching weather data for Delhi...
INFO:__main__:Inserted 1 weather reading for Delhi
INFO:__main__:Fetching weather data for Bengaluru...
INFO:__main__:Inserted 1 weather reading for Bengaluru
INFO:__main__:Weather fetch complete.
Chennai: 1 readings inserted
Delhi: 1 readings inserted
Bengaluru: 1 readings inserted
INFO:__main__:Starting weather fetch and store...
INFO:__main__:Fetching weather data for Chennai...
INFO:__main__:Inserted 1 weather reading for Chennai
INFO:__main__:Fetching weather data for Delhi...
INFO:__main__:Inserted 1 weather reading for Delhi
INFO:__main__:Fetching weather data for Bengaluru...
INFO:__main__:Inserted 1 weather reading for Bengaluru
INFO:__main__:Weather fetch complete.
Chennai: 1 readings inserted
Delhi: 1 readings inserted
Bengaluru: 1 readings inserted
INFO:__main__:Starting weather fetch and store...
INFO:__main__:Fetching weather data for Chennai...
INFO:__main__:Inserted 1 weather reading for Chennai
INFO:__main__:Fetching weather data for Delhi...
INFO:__main__:Inserted 1 weather reading for Delhi
INFO:__main__:Fetching weather data for Bengaluru...
INFO:__main__:Inserted 1 weather reading for Bengaluru
INFO:__main__:Weather fetch complete.
Chennai: 1 readings inserted
Delhi: 1 readings inserted
Bengaluru: 1 readings inserted
